0 silly input [ 'build' ]
1 silly flags { _: [ 'run' ],
1 silly flags   'reject-cycles': false,
1 silly flags   rejectCycles: false,
1 silly flags   script: 'build',
1 silly flags   args: [] }
2 verbose rootPath /home/shu/project/kyc-admin
3 info version 2.11.0
4 silly existsSync /home/shu/project/kyc-admin/VERSION
5 silly initialize attempt
6 silly initialize success
7 silly execute attempt
8 silly runScriptInDir build [] bff
9 silly getExecOpts { cwd: '/home/shu/project/kyc-admin/packages/bff' }
10 silly runScriptInDir build [] ui
11 silly getExecOpts { cwd: '/home/shu/project/kyc-admin/packages/ui' }
12 error build Errored while running script in 'ui'
13 error execute callback with error
14 error Error: Command failed: npm run build
14 error SyntaxError: src/appInit.js: Only one default export allowed per module. (10:0)
14 error    8 | app.use(routes.routes(), routes.allowedMethods());
14 error    9 |
14 error > 10 | export default app;
14 error      | ^
14 error   11 |
14 error   12 |
14 error npm ERR! code ELIFECYCLE
14 error npm ERR! errno 1
14 error npm ERR! ui@1.0.0 build: `npm run clean && babel -d ./dist ./src`
14 error npm ERR! Exit status 1
14 error npm ERR!
14 error npm ERR! Failed at the ui@1.0.0 build script.
14 error npm ERR! This is probably not a problem with npm. There is likely additional logging output above.
14 error
14 error npm ERR! A complete log of this run can be found in:
14 error npm ERR!     /home/shu/.npm/_logs/2018-05-30T04_03_28_635Z-debug.log
14 error
14 error > ui@1.0.0 build /home/shu/project/kyc-admin/packages/ui
14 error > npm run clean && babel -d ./dist ./src
14 error
14 error
14 error > ui@1.0.0 clean /home/shu/project/kyc-admin/packages/ui
14 error > rm -rf dist && mkdir dist
14 error
14 error
14 error     at Promise.all.then.arr (/usr/local/lib/node_modules/lerna/node_modules/execa/index.js:236:11)
